[2026-03-03 06:21:16] INFO: Starting Gmail check...
[2026-03-03 06:21:19] INFO: Found 10 new important email(s)
[2026-03-03 06:21:19] INFO: Created action file: EMAIL_20260303_062119_19c930c249.md
[2026-03-03 06:21:19] INFO: Created action file: EMAIL_20260303_062119_19c5b0826b.md
[2026-03-03 06:21:19] INFO: Created action file: EMAIL_20260303_062119_19c37a3452.md
[2026-03-03 06:21:20] INFO: Created action file: EMAIL_20260303_062120_19c37a2875.md
[2026-03-03 06:21:20] INFO: Created action file: EMAIL_20260303_062120_19c2d355a1.md
[2026-03-03 06:21:20] INFO: Created action file: EMAIL_20260303_062120_19bde602f7.md
[2026-03-03 06:21:20] INFO: Created action file: EMAIL_20260303_062120_19b7b69def.md
[2026-03-03 06:21:21] INFO: Created action file: EMAIL_20260303_062121_199dea77e8.md
[2026-03-03 06:21:21] INFO: Created action file: EMAIL_20260303_062121_199bf750d7.md
[2026-03-03 06:21:21] INFO: Created action file: EMAIL_20260303_062121_199945b800.md
[2026-03-03 06:21:21] INFO: Check complete. Created 10 new files.
[2026-03-03 06:22:54] INFO: Starting Gmail check...
[2026-03-03 06:22:55] INFO: Found 10 new important email(s)
[2026-03-03 06:22:55] INFO: Created action file: EMAIL_20260303_062255_19c930c249.md
[2026-03-03 06:22:56] INFO: Created action file: EMAIL_20260303_062256_19c5b0826b.md
[2026-03-03 06:22:56] INFO: Created action file: EMAIL_20260303_062256_19c37a3452.md
[2026-03-03 06:22:56] INFO: Created action file: EMAIL_20260303_062256_19c37a2875.md
[2026-03-03 06:22:56] INFO: Created action file: EMAIL_20260303_062256_19c2d355a1.md
[2026-03-03 06:22:56] INFO: Created action file: EMAIL_20260303_062256_19bde602f7.md
[2026-03-03 06:22:57] INFO: Created action file: EMAIL_20260303_062257_19b7b69def.md
[2026-03-03 06:22:57] INFO: Created action file: EMAIL_20260303_062257_199dea77e8.md
[2026-03-03 06:22:57] INFO: Created action file: EMAIL_20260303_062257_199bf750d7.md
[2026-03-03 06:22:58] INFO: Created action file: EMAIL_20260303_062258_199945b800.md
[2026-03-03 06:22:58] INFO: Check complete. Created 10 new files.
[2026-03-03 06:36:30] INFO: Starting Gmail check...
[2026-03-03 06:36:32] INFO: Found 10 new important email(s)
[2026-03-03 06:36:32] ERROR: Unexpected error: 'GmailWatcher' object has no attribute 'processed_ids'
[2026-03-03 06:36:32] INFO: Check complete. Created 0 new files.
[2026-03-03 06:37:21] INFO: Starting Gmail check...
[2026-03-03 06:37:22] INFO: Found 10 new important email(s)
[2026-03-03 06:37:22] ERROR: Unexpected error: 'GmailWatcher' object has no attribute 'processed_ids'
[2026-03-03 06:37:22] INFO: Check complete. Created 0 new files.
[2026-03-03 06:38:06] INFO: Starting Gmail check...
[2026-03-03 06:38:28] ERROR: Unexpected error: [WinError 10060] A connection attempt failed because the connected party did not properly respond after a period of time, or established connection failed because connected host has failed to respond
[2026-03-03 06:38:28] INFO: Check complete. Created 0 new files.
[2026-03-03 06:39:12] INFO: Starting Gmail check...
[2026-03-03 06:39:13] INFO: Found 10 new important email(s)
[2026-03-03 06:39:13] INFO: Created action file: EMAIL_20260303_063913_19c930c249.md
[2026-03-03 06:39:14] INFO: Created action file: EMAIL_20260303_063914_19c5b0826b.md
[2026-03-03 06:39:14] INFO: Created action file: EMAIL_20260303_063914_19c37a3452.md
[2026-03-03 06:39:14] INFO: Created action file: EMAIL_20260303_063914_19c37a2875.md
[2026-03-03 06:39:15] INFO: Created action file: EMAIL_20260303_063915_19c2d355a1.md
[2026-03-03 06:39:15] INFO: Created action file: EMAIL_20260303_063915_19bde602f7.md
[2026-03-03 06:39:15] INFO: Created action file: EMAIL_20260303_063915_19b7b69def.md
[2026-03-03 06:39:16] INFO: Created action file: EMAIL_20260303_063916_199dea77e8.md
[2026-03-03 06:39:16] INFO: Created action file: EMAIL_20260303_063916_199bf750d7.md
[2026-03-03 06:39:17] INFO: Created action file: EMAIL_20260303_063917_199945b800.md
[2026-03-03 06:39:17] INFO: Check complete. Created 10 new files.
[2026-03-03 06:40:03] INFO: Starting Gmail check...
[2026-03-03 06:40:25] ERROR: Unexpected error: [WinError 10060] A connection attempt failed because the connected party did not properly respond after a period of time, or established connection failed because connected host has failed to respond
[2026-03-03 06:40:25] INFO: Check complete. Created 0 new files.
[2026-03-03 06:44:06] INFO: Starting Gmail check...
[2026-03-03 06:44:07] INFO: Found 10 new important email(s)
[2026-03-03 06:44:08] INFO: Created action file: EMAIL_20260303_064408_19c930c249.md
[2026-03-03 06:44:09] INFO: Created action file: EMAIL_20260303_064409_19c5b0826b.md
[2026-03-03 06:44:09] INFO: Created action file: EMAIL_20260303_064409_19c37a3452.md
[2026-03-03 06:44:09] INFO: Created action file: EMAIL_20260303_064409_19c37a2875.md
[2026-03-03 06:44:10] INFO: Created action file: EMAIL_20260303_064410_19c2d355a1.md
[2026-03-03 06:44:10] INFO: Created action file: EMAIL_20260303_064410_19bde602f7.md
[2026-03-03 06:44:11] INFO: Created action file: EMAIL_20260303_064411_19b7b69def.md
[2026-03-03 06:44:11] INFO: Created action file: EMAIL_20260303_064411_199dea77e8.md
[2026-03-03 06:44:11] INFO: Created action file: EMAIL_20260303_064411_199bf750d7.md
[2026-03-03 06:44:11] INFO: Created action file: EMAIL_20260303_064411_199945b800.md
[2026-03-03 06:44:11] INFO: Check complete. Created 10 new files.
[2026-03-03 06:46:54] INFO: Starting Gmail check...
[2026-03-03 06:46:55] INFO: Found 10 new important email(s)
[2026-03-03 06:46:56] INFO: Created action file: EMAIL_20260303_064656_19c930c249.md
[2026-03-03 06:46:56] INFO: Created action file: EMAIL_20260303_064656_19c5b0826b.md
[2026-03-03 06:46:56] INFO: Created action file: EMAIL_20260303_064656_19c37a3452.md
[2026-03-03 06:54:18] INFO: Starting Gmail check...
[2026-03-03 06:54:22] INFO: Found 10 new important email(s)
[2026-03-03 06:54:23] INFO: Created action file: EMAIL_20260303_065423_19c930c249.md
[2026-03-03 06:54:23] INFO: Created action file: EMAIL_20260303_065423_19c5b0826b.md
[2026-03-03 06:54:24] INFO: Created action file: EMAIL_20260303_065424_19c37a3452.md
[2026-03-03 06:54:24] INFO: Created action file: EMAIL_20260303_065424_19c37a2875.md
[2026-03-03 06:54:24] INFO: Created action file: EMAIL_20260303_065424_19c2d355a1.md
[2026-03-03 06:54:24] INFO: Created action file: EMAIL_20260303_065424_19bde602f7.md
[2026-03-03 06:54:25] INFO: Created action file: EMAIL_20260303_065425_19b7b69def.md
[2026-03-03 06:54:25] INFO: Created action file: EMAIL_20260303_065425_199dea77e8.md
[2026-03-03 06:54:25] INFO: Created action file: EMAIL_20260303_065425_199bf750d7.md
[2026-03-03 06:54:26] INFO: Created action file: EMAIL_20260303_065426_199945b800.md
[2026-03-03 06:54:26] INFO: Check complete. Created 10 new files.
[2026-03-03 07:02:25] INFO: Starting Gmail check...
[2026-03-03 07:02:27] INFO: Found 10 new important email(s)
[2026-03-03 07:02:27] INFO: Created action file: EMAIL_20260303_070227_19c930c249.md
[2026-03-03 07:02:28] INFO: Created action file: EMAIL_20260303_070228_19c5b0826b.md
[2026-03-03 07:02:28] INFO: Created action file: EMAIL_20260303_070228_19c37a3452.md
[2026-03-03 07:02:28] INFO: Created action file: EMAIL_20260303_070228_19c37a2875.md
[2026-03-03 07:02:28] INFO: Created action file: EMAIL_20260303_070228_19c2d355a1.md
[2026-03-03 07:02:29] INFO: Created action file: EMAIL_20260303_070229_19bde602f7.md
[2026-03-03 07:02:29] INFO: Created action file: EMAIL_20260303_070229_19b7b69def.md
[2026-03-03 07:02:29] INFO: Created action file: EMAIL_20260303_070229_199dea77e8.md
[2026-03-03 07:02:29] INFO: Created action file: EMAIL_20260303_070229_199bf750d7.md
[2026-03-03 07:02:30] INFO: Created action file: EMAIL_20260303_070230_199945b800.md
[2026-03-03 07:02:30] INFO: Check complete. Created 10 new files.
[2026-03-03 07:05:29] INFO: Starting Gmail check...
[2026-03-03 07:05:42] INFO: Found 10 new important email(s)
[2026-03-03 07:05:42] INFO: Created action file: EMAIL_20260303_070542_19c930c249.md
[2026-03-03 07:05:43] INFO: Created action file: EMAIL_20260303_070542_19c5b0826b.md
[2026-03-03 07:05:43] INFO: Created action file: EMAIL_20260303_070543_19c37a3452.md
[2026-03-03 07:05:44] INFO: Created action file: EMAIL_20260303_070544_19c37a2875.md
[2026-03-03 07:05:44] INFO: Created action file: EMAIL_20260303_070544_19c2d355a1.md
[2026-03-03 07:05:45] INFO: Created action file: EMAIL_20260303_070545_19bde602f7.md
[2026-03-03 07:05:45] INFO: Created action file: EMAIL_20260303_070545_19b7b69def.md
[2026-03-03 07:05:45] INFO: Created action file: EMAIL_20260303_070545_199dea77e8.md
[2026-03-03 07:05:46] INFO: Created action file: EMAIL_20260303_070546_199bf750d7.md
[2026-03-03 07:05:47] INFO: Created action file: EMAIL_20260303_070547_199945b800.md
[2026-03-03 07:05:47] INFO: Check complete. Created 10 new files.
[2026-03-03 07:11:13] INFO: Starting Gmail check...
[2026-03-03 07:11:14] INFO: Found 10 new important email(s)
[2026-03-03 07:11:15] INFO: Created action file: EMAIL_20260303_071115_19c930c249.md
[2026-03-03 07:11:15] INFO: Created action file: EMAIL_20260303_071115_19c5b0826b.md
[2026-03-03 07:11:15] INFO: Created action file: EMAIL_20260303_071115_19c37a3452.md
[2026-03-03 07:11:16] INFO: Created action file: EMAIL_20260303_071116_19c37a2875.md
[2026-03-03 07:11:16] INFO: Created action file: EMAIL_20260303_071116_19c2d355a1.md
[2026-03-03 07:11:16] INFO: Created action file: EMAIL_20260303_071116_19bde602f7.md
[2026-03-03 07:11:16] INFO: Created action file: EMAIL_20260303_071116_19b7b69def.md
[2026-03-03 07:11:16] INFO: Created action file: EMAIL_20260303_071116_199dea77e8.md
[2026-03-03 07:11:17] INFO: Created action file: EMAIL_20260303_071117_199bf750d7.md
[2026-03-03 07:11:17] INFO: Created action file: EMAIL_20260303_071117_199945b800.md
[2026-03-03 07:11:17] INFO: Check complete. Created 10 new files.
[2026-03-03 07:11:21] INFO: Starting Gmail check...
[2026-03-03 07:11:22] INFO: Found 10 new important email(s)
[2026-03-03 07:11:23] INFO: Created action file: EMAIL_20260303_071123_19c930c249.md
[2026-03-03 07:11:23] INFO: Created action file: EMAIL_20260303_071123_19c5b0826b.md
[2026-03-03 07:11:23] INFO: Created action file: EMAIL_20260303_071123_19c37a3452.md
[2026-03-03 07:11:23] INFO: Created action file: EMAIL_20260303_071123_19c37a2875.md
[2026-03-03 07:11:23] INFO: Created action file: EMAIL_20260303_071123_19c2d355a1.md
[2026-03-03 07:11:24] INFO: Created action file: EMAIL_20260303_071124_19bde602f7.md
[2026-03-03 07:11:24] INFO: Created action file: EMAIL_20260303_071124_19b7b69def.md
[2026-03-03 07:11:24] INFO: Created action file: EMAIL_20260303_071124_199dea77e8.md
[2026-03-03 07:11:24] INFO: Created action file: EMAIL_20260303_071124_199bf750d7.md
[2026-03-03 07:11:24] INFO: Created action file: EMAIL_20260303_071124_199945b800.md
[2026-03-03 07:11:24] INFO: Check complete. Created 10 new files.
[2026-03-03 07:12:55] INFO: Starting Gmail check...
[2026-03-03 07:12:57] INFO: Found 10 new important email(s)
[2026-03-03 07:12:57] INFO: Created action file: EMAIL_20260303_071257_19c930c249.md
[2026-03-03 07:12:57] INFO: Created action file: EMAIL_20260303_071257_19c5b0826b.md
[2026-03-03 07:12:57] INFO: Created action file: EMAIL_20260303_071257_19c37a3452.md
[2026-03-03 07:12:57] INFO: Created action file: EMAIL_20260303_071257_19c37a2875.md
[2026-03-03 07:12:58] INFO: Created action file: EMAIL_20260303_071258_19c2d355a1.md
[2026-03-03 07:12:58] INFO: Created action file: EMAIL_20260303_071258_19bde602f7.md
[2026-03-03 07:12:58] INFO: Created action file: EMAIL_20260303_071258_19b7b69def.md
[2026-03-03 07:12:58] INFO: Created action file: EMAIL_20260303_071258_199dea77e8.md
[2026-03-03 07:13:02] INFO: Created action file: EMAIL_20260303_071302_199bf750d7.md
[2026-03-03 07:13:03] INFO: Created action file: EMAIL_20260303_071303_199945b800.md
[2026-03-03 07:13:03] INFO: Check complete. Created 10 new files.
[2026-03-03 07:13:13] INFO: Starting Gmail check...
[2026-03-03 07:13:14] INFO: Found 10 new important email(s)
[2026-03-03 07:13:14] INFO: Check complete. Created 0 new files.
