[2026-03-02 03:42:08] INFO: Starting Gmail check...
[2026-03-02 03:42:08] ERROR: Unexpected error: [Errno 2] No such file or directory: 'C:\\Users\\afroz\\OneDrive\\Desktop\\AI_Employee_Vault\\Scripts\\credentials.json'
[2026-03-02 03:42:08] INFO: Check complete. Created 0 new files.
[2026-03-02 03:48:07] INFO: Starting Gmail check...
[2026-03-02 03:49:19] INFO: Starting Gmail check...
[2026-03-02 03:49:48] INFO: Found 10 new important email(s)
[2026-03-02 03:49:49] INFO: Created action file: EMAIL_20260302_034949_19c930c249.md
[2026-03-02 03:49:49] INFO: Created action file: EMAIL_20260302_034949_19c5b0826b.md
[2026-03-02 03:49:49] INFO: Created action file: EMAIL_20260302_034949_19c37a3452.md
[2026-03-02 03:49:49] INFO: Created action file: EMAIL_20260302_034949_19c37a2875.md
[2026-03-02 03:49:50] INFO: Created action file: EMAIL_20260302_034950_19c2d355a1.md
[2026-03-02 03:49:50] INFO: Created action file: EMAIL_20260302_034950_19bde602f7.md
[2026-03-02 03:49:50] INFO: Created action file: EMAIL_20260302_034950_19b7b69def.md
[2026-03-02 03:49:50] INFO: Created action file: EMAIL_20260302_034950_199dea77e8.md
[2026-03-02 03:49:51] INFO: Created action file: EMAIL_20260302_034951_199bf750d7.md
[2026-03-02 03:49:51] INFO: Created action file: EMAIL_20260302_034951_199945b800.md
[2026-03-02 03:49:51] INFO: Check complete. Created 10 new files.
[2026-03-02 03:49:59] INFO: Starting Gmail check...
[2026-03-02 03:50:01] INFO: Found 10 new important email(s)
[2026-03-02 03:50:01] INFO: Created action file: EMAIL_20260302_035001_19c930c249.md
[2026-03-02 03:50:01] INFO: Created action file: EMAIL_20260302_035001_19c5b0826b.md
[2026-03-02 03:50:01] INFO: Created action file: EMAIL_20260302_035001_19c37a3452.md
[2026-03-02 03:50:02] INFO: Created action file: EMAIL_20260302_035002_19c37a2875.md
[2026-03-02 03:50:02] INFO: Created action file: EMAIL_20260302_035002_19c2d355a1.md
[2026-03-02 03:50:03] INFO: Created action file: EMAIL_20260302_035003_19bde602f7.md
[2026-03-02 03:50:03] INFO: Created action file: EMAIL_20260302_035003_19b7b69def.md
[2026-03-02 03:50:03] INFO: Created action file: EMAIL_20260302_035003_199dea77e8.md
[2026-03-02 03:50:28] INFO: Starting Gmail check...
[2026-03-02 03:50:29] INFO: Found 10 new important email(s)
[2026-03-02 03:50:29] INFO: Created action file: EMAIL_20260302_035029_19c930c249.md
[2026-03-02 03:50:29] INFO: Created action file: EMAIL_20260302_035029_19c5b0826b.md
[2026-03-02 03:50:30] INFO: Created action file: EMAIL_20260302_035030_19c37a3452.md
[2026-03-02 03:50:30] INFO: Created action file: EMAIL_20260302_035030_19c37a2875.md
[2026-03-02 03:50:30] INFO: Created action file: EMAIL_20260302_035030_19c2d355a1.md
[2026-03-02 03:50:31] INFO: Created action file: EMAIL_20260302_035031_19bde602f7.md
[2026-03-02 03:50:31] INFO: Created action file: EMAIL_20260302_035031_19b7b69def.md
[2026-03-02 03:50:31] INFO: Created action file: EMAIL_20260302_035031_199dea77e8.md
[2026-03-02 03:50:31] INFO: Created action file: EMAIL_20260302_035031_199bf750d7.md
[2026-03-02 03:50:32] INFO: Created action file: EMAIL_20260302_035032_199945b800.md
[2026-03-02 03:50:32] INFO: Check complete. Created 10 new files.
[2026-03-02 03:50:39] INFO: Starting Gmail check...
[2026-03-02 03:50:40] INFO: Found 10 new important email(s)
[2026-03-02 03:50:40] INFO: Created action file: EMAIL_20260302_035040_19c930c249.md
[2026-03-02 03:50:40] INFO: Created action file: EMAIL_20260302_035040_19c5b0826b.md
[2026-03-02 03:50:40] INFO: Created action file: EMAIL_20260302_035040_19c37a3452.md
[2026-03-02 03:50:41] INFO: Created action file: EMAIL_20260302_035041_19c37a2875.md
[2026-03-02 03:50:41] INFO: Created action file: EMAIL_20260302_035041_19c2d355a1.md
[2026-03-02 03:50:42] INFO: Created action file: EMAIL_20260302_035042_19bde602f7.md
[2026-03-02 03:50:42] INFO: Created action file: EMAIL_20260302_035042_19b7b69def.md
[2026-03-02 03:50:42] INFO: Created action file: EMAIL_20260302_035042_199dea77e8.md
[2026-03-02 03:50:42] INFO: Created action file: EMAIL_20260302_035042_199bf750d7.md
[2026-03-02 03:50:43] INFO: Created action file: EMAIL_20260302_035043_199945b800.md
[2026-03-02 03:50:43] INFO: Check complete. Created 10 new files.
[2026-03-02 03:50:46] INFO: Starting Gmail check...
[2026-03-02 03:50:47] INFO: Found 10 new important email(s)
[2026-03-02 03:50:47] INFO: Created action file: EMAIL_20260302_035047_19c930c249.md
[2026-03-02 03:50:48] INFO: Created action file: EMAIL_20260302_035048_19c5b0826b.md
[2026-03-02 03:50:48] INFO: Created action file: EMAIL_20260302_035048_19c37a3452.md
[2026-03-02 03:50:48] INFO: Created action file: EMAIL_20260302_035048_19c37a2875.md
[2026-03-02 03:50:49] INFO: Created action file: EMAIL_20260302_035049_19c2d355a1.md
[2026-03-02 03:50:49] INFO: Created action file: EMAIL_20260302_035049_19bde602f7.md
[2026-03-02 03:50:49] INFO: Created action file: EMAIL_20260302_035049_19b7b69def.md
[2026-03-02 03:50:49] INFO: Created action file: EMAIL_20260302_035049_199dea77e8.md
[2026-03-02 03:50:50] INFO: Created action file: EMAIL_20260302_035050_199bf750d7.md
[2026-03-02 03:50:50] INFO: Created action file: EMAIL_20260302_035050_199945b800.md
[2026-03-02 03:50:50] INFO: Check complete. Created 10 new files.
[2026-03-02 03:52:15] INFO: Starting Gmail check...
[2026-03-02 03:52:17] INFO: Found 10 new important email(s)
[2026-03-02 03:52:17] INFO: Created action file: EMAIL_20260302_035217_19c930c249.md
[2026-03-02 03:52:18] INFO: Created action file: EMAIL_20260302_035218_19c5b0826b.md
[2026-03-02 03:52:18] INFO: Created action file: EMAIL_20260302_035218_19c37a3452.md
[2026-03-02 03:52:18] INFO: Created action file: EMAIL_20260302_035218_19c37a2875.md
[2026-03-02 03:52:19] INFO: Created action file: EMAIL_20260302_035219_19c2d355a1.md
[2026-03-02 03:52:19] INFO: Created action file: EMAIL_20260302_035219_19bde602f7.md
[2026-03-02 03:52:19] INFO: Created action file: EMAIL_20260302_035219_19b7b69def.md
[2026-03-02 03:52:20] INFO: Created action file: EMAIL_20260302_035220_199dea77e8.md
[2026-03-02 03:52:20] INFO: Created action file: EMAIL_20260302_035220_199bf750d7.md
[2026-03-02 03:52:21] INFO: Created action file: EMAIL_20260302_035221_199945b800.md
[2026-03-02 03:52:21] INFO: Check complete. Created 10 new files.
[2026-03-02 03:54:43] INFO: Starting Gmail check...
[2026-03-02 03:54:44] INFO: Found 10 new important email(s)
[2026-03-02 03:54:44] INFO: Created action file: EMAIL_20260302_035444_19c930c249.md
[2026-03-02 03:54:45] INFO: Created action file: EMAIL_20260302_035445_19c5b0826b.md
[2026-03-02 03:54:45] INFO: Created action file: EMAIL_20260302_035445_19c37a3452.md
[2026-03-02 03:54:45] INFO: Created action file: EMAIL_20260302_035445_19c37a2875.md
[2026-03-02 03:54:45] INFO: Created action file: EMAIL_20260302_035445_19c2d355a1.md
[2026-03-02 03:54:46] INFO: Created action file: EMAIL_20260302_035446_19bde602f7.md
[2026-03-02 03:54:46] INFO: Created action file: EMAIL_20260302_035446_19b7b69def.md
[2026-03-02 03:54:46] INFO: Created action file: EMAIL_20260302_035446_199dea77e8.md
[2026-03-02 03:54:46] INFO: Created action file: EMAIL_20260302_035446_199bf750d7.md
[2026-03-02 03:54:47] INFO: Created action file: EMAIL_20260302_035447_199945b800.md
[2026-03-02 03:54:47] INFO: Check complete. Created 10 new files.
[2026-03-02 03:55:59] INFO: Starting Gmail check...
[2026-03-02 03:56:01] INFO: Found 10 new important email(s)
[2026-03-02 03:56:01] INFO: Created action file: EMAIL_20260302_035601_19c930c249.md
[2026-03-02 03:56:01] INFO: Created action file: EMAIL_20260302_035601_19c5b0826b.md
[2026-03-02 03:56:02] INFO: Created action file: EMAIL_20260302_035602_19c37a3452.md
[2026-03-02 03:56:02] INFO: Created action file: EMAIL_20260302_035602_19c37a2875.md
[2026-03-02 03:56:02] INFO: Created action file: EMAIL_20260302_035602_19c2d355a1.md
[2026-03-02 03:56:03] INFO: Created action file: EMAIL_20260302_035603_19bde602f7.md
[2026-03-02 03:56:03] INFO: Created action file: EMAIL_20260302_035603_19b7b69def.md
[2026-03-02 03:56:03] INFO: Created action file: EMAIL_20260302_035603_199dea77e8.md
[2026-03-02 03:56:03] INFO: Created action file: EMAIL_20260302_035603_199bf750d7.md
[2026-03-02 03:56:04] INFO: Created action file: EMAIL_20260302_035604_199945b800.md
[2026-03-02 03:56:04] INFO: Check complete. Created 10 new files.
[2026-03-02 03:57:56] INFO: Starting Gmail check...
[2026-03-02 03:57:58] INFO: Found 10 new important email(s)
[2026-03-02 03:57:58] INFO: Created action file: EMAIL_20260302_035758_19c930c249.md
[2026-03-02 03:57:58] INFO: Created action file: EMAIL_20260302_035758_19c5b0826b.md
[2026-03-02 03:57:59] INFO: Created action file: EMAIL_20260302_035759_19c37a3452.md
[2026-03-02 03:57:59] INFO: Created action file: EMAIL_20260302_035759_19c37a2875.md
[2026-03-02 03:57:59] INFO: Created action file: EMAIL_20260302_035759_19c2d355a1.md
[2026-03-02 03:58:00] INFO: Created action file: EMAIL_20260302_035800_19bde602f7.md
[2026-03-02 03:58:00] INFO: Created action file: EMAIL_20260302_035800_19b7b69def.md
[2026-03-02 03:58:00] INFO: Created action file: EMAIL_20260302_035800_199dea77e8.md
[2026-03-02 03:58:00] INFO: Created action file: EMAIL_20260302_035800_199bf750d7.md
[2026-03-02 03:58:01] INFO: Created action file: EMAIL_20260302_035801_199945b800.md
[2026-03-02 03:58:01] INFO: Check complete. Created 10 new files.
